This is pdfTeX, Version 3.1415926-2.4-1.40.13 (TeX Live 2012) (format=pdflatex 2012.6.30)  10 DEC 2012 10:58
entering extended mode
 restricted \write18 enabled.
 file:line:error style messages enabled.
 %&-line parsing enabled.
**ms.tex
(./ms.tex
LaTeX2e <2011/06/27>
Babel <v3.8m> and hyphenation patterns for english, dumylang, nohyphenation, ge
rman-x-2012-05-30, ngerman-x-2012-05-30, afrikaans, ancientgreek, ibycus, arabi
c, armenian, basque, bulgarian, catalan, pinyin, coptic, croatian, czech, danis
h, dutch, ukenglish, usenglishmax, esperanto, estonian, ethiopic, farsi, finnis
h, french, friulan, galician, german, ngerman, swissgerman, monogreek, greek, h
ungarian, icelandic, assamese, bengali, gujarati, hindi, kannada, malayalam, ma
rathi, oriya, panjabi, tamil, telugu, indonesian, interlingua, irish, italian, 
kurmanji, latin, latvian, lithuanian, mongolian, mongolianlmc, bokmal, nynorsk,
 polish, portuguese, romanian, romansh, russian, sanskrit, serbian, serbianc, s
lovak, slovenian, spanish, swedish, turkish, turkmen, ukrainian, uppersorbian, 
welsh, loaded.
(/Users/james/Library/texmf/tex/latex/emulateapj.cls
Document Class: emulateapj 
\bibbaselineskip=\skip41
(/usr/local/texlive/2012/texmf-dist/tex/latex/revtex/revtex4-1.cls
Document Class: revtex4-1 2010/07/25/20:33:00 4.1r (http://publish.aps.org/revt
ex4/ for documentation)
 Copyright (c) 2009 The American Physical Society.
 mailto:revtex@aps.org
 Licensed under the LPPL:
http://www.ctan.org/tex-archive/macros/latex/base/lppl.txt
 Arthur Ogawa <arthur_ogawa at sbcglobal dot net>
 Based on work by David Carlisle <david at dcarlisle.demon.co.uk>.
ltxutil[2010/07/25/20:33:00 4.1r utilities package (portions licensed from W. E
. Baxter web at superscript.com)]
LaTeX Info: Redefining \@centercr on input line 308.
Class revtex4-1 Info: Repairing broken LaTeX eqnarray on input line 358.
\eqncolsep=\skip42
Class revtex4-1 Info: Repairing hyperref-unfriendly LaTeX definition of \mpfoot
note on input line 433.
Class revtex4-1 Info: Repairing broken LateX \@sect on input line 755.
\intertabularlinepenalty=\count79
\@tbpen=\count80
\@arstrutbox@hline=\box26
Class revtex4-1 Info: Repairing broken LaTeX \@xbitor on input line 1786.
Class revtex4-1 Info: Making \typeout \long on input line 2046.
ltxfront[2010/07/25/20:33:00 4.1r frontmatter package (AO,DPC)]
\c@affil=\count81
\c@collab=\count82
\absbox=\box27
ltxgrid[2010/07/25/20:33:00 4.1r page grid package (portions licensed from W. E
. Baxter web at superscript.com)]
\c@linecount=\count83
\output@latex=\toks14
\box@size@1=\box28
\box@size@2=\box29
\@protection@box=\box30
\@topmark@saved=\toks15
\footins@saved=\box31
\footins@recovered=\box32
\column@recovered=\box33
\pagesofar=\box34
\footsofar=\box35
\pagegrid@col=\count84
Class revtex4-1 Info: Overriding \@vspace, \@vspacer, \@no@pgbk, \@newline, and
 \\  on input line 5578.
\c@part=\count85
\c@section=\count86
\c@subsection=\count87
\c@subsubsection=\count88
\c@paragraph=\count89
\c@subparagraph=\count90
\abovecaptionskip=\skip43
\belowcaptionskip=\skip44
\c@figure=\count91
\fbox@1=\box36
\c@table=\count92
\fbox@2=\box37
\c@video=\count93
\fbox@4=\box38
\@bibdataout=\write3
\widetext@top=\box39
\widetext@bot=\box40

Class revtex4-1 Warning: No Society specified, using default society aps.

(/usr/local/texlive/2012/texmf-dist/tex/latex/revtex/aps4-1.rtx
File: aps4-1 2010/07/25/20:33:00 4.1r (http://publish.aps.org/revtex4/ for docu
mentation)
Class revtex4-1 Info: RevTeX society APS selected on input line 31.
)

Class revtex4-1 Warning: No journal specified, using default pra.

Class revtex4-1 Info: APS journal PRA selected on input line 7545.

Class revtex4-1 Warning: No type size specified, using default 10.

(/usr/local/texlive/2012/texmf-dist/tex/latex/revtex/aps10pt4-1.rtx
File: aps10pt4-1 2010/07/25/20:33:00 4.1r (http://publish.aps.org/revtex4/ for 
documentation)
Class revtex4-1 Info: RevTeX pointsize 10pt selected on input line 30.
)
(/usr/local/texlive/2012/texmf-dist/tex/latex/textcase/textcase.sty
Package: textcase 2004/10/07 v0.07 Text only upper/lower case changing (DPC)
)
(/usr/local/texlive/2012/texmf-dist/tex/latex/url/url.sty
\Urlmuskip=\muskip10
Package: url 2006/04/12  ver 3.3  Verb mode for urls, etc.
)
(/usr/local/texlive/2012/texmf-dist/tex/latex/natbib/natbib.sty
Package: natbib 2010/09/13 8.31b (PWD, AO)
\bibhang=\skip45
\bibsep=\skip46
LaTeX Info: Redefining \cite on input line 694.
\c@NAT@ctr=\count94
)
Class revtex4-1 Info: Repairing natbib's \BibitemShut on input line 7549.

(/usr/local/texlive/2012/texmf-dist/tex/latex/revtex/revsymb4-1.sty
Package: revsymb4-1 2010/07/25/20:33:00 4.1r (http://publish.aps.org/revtex4/ f
or documentation)
LaTeX Info: Redefining \REV@mathfrak on input line 119.
))
(/usr/local/texlive/2012/texmf-dist/tex/latex/base/latexsym.sty
Package: latexsym 1998/08/17 v2.2e Standard LaTeX package (lasy symbols)
\symlasy=\mathgroup4
LaTeX Font Info:    Overwriting symbol font `lasy' in version `bold'
(Font)                  U/lasy/m/n --> U/lasy/b/n on input line 47.
)
(/usr/local/texlive/2012/texmf-dist/tex/latex/graphics/graphicx.sty
Package: graphicx 1999/02/16 v1.0f Enhanced LaTeX Graphics (DPC,SPQR)

(/usr/local/texlive/2012/texmf-dist/tex/latex/graphics/keyval.sty
Package: keyval 1999/03/16 v1.13 key=value parser (DPC)
\KV@toks@=\toks16
)
(/usr/local/texlive/2012/texmf-dist/tex/latex/graphics/graphics.sty
Package: graphics 2009/02/05 v1.0o Standard LaTeX Graphics (DPC,SPQR)

(/usr/local/texlive/2012/texmf-dist/tex/latex/graphics/trig.sty
Package: trig 1999/03/16 v1.09 sin cos tan (DPC)
)
(/usr/local/texlive/2012/texmf-dist/tex/latex/latexconfig/graphics.cfg
File: graphics.cfg 2010/04/23 v1.9 graphics configuration of TeX Live
)
Package graphics Info: Driver file: pdftex.def on input line 91.

(/usr/local/texlive/2012/texmf-dist/tex/latex/pdftex-def/pdftex.def
File: pdftex.def 2011/05/27 v0.06d Graphics/color for pdfTeX

(/usr/local/texlive/2012/texmf-dist/tex/generic/oberdiek/infwarerr.sty
Package: infwarerr 2010/04/08 v1.3 Providing info/warning/error messages (HO)
)
(/usr/local/texlive/2012/texmf-dist/tex/generic/oberdiek/ltxcmds.sty
Package: ltxcmds 2011/11/09 v1.22 LaTeX kernel commands for general use (HO)
)
\Gread@gobject=\count95
))
\Gin@req@height=\dimen102
\Gin@req@width=\dimen103
)
(/usr/local/texlive/2012/texmf-dist/tex/latex/amsfonts/amssymb.sty
Package: amssymb 2009/06/22 v3.00

(/usr/local/texlive/2012/texmf-dist/tex/latex/amsfonts/amsfonts.sty
Package: amsfonts 2009/06/22 v3.00 Basic AMSFonts support
\@emptytoks=\toks17
\symAMSa=\mathgroup5
\symAMSb=\mathgroup6
LaTeX Font Info:    Overwriting math alphabet `\mathfrak' in version `bold'
(Font)                  U/euf/m/n --> U/euf/b/n on input line 96.
LaTeX Info: Redefining \frak on input line 99.
LaTeX Info: Redefining \Bbb on input line 101.
))
(/usr/local/texlive/2012/texmf-dist/tex/latex/tools/longtable.sty
Package: longtable 2004/02/01 v4.11 Multi-page Table package (DPC)
\LTleft=\skip47
\LTright=\skip48
\LTpre=\skip49
\LTpost=\skip50
\LTchunksize=\count96
\LTcapwidth=\dimen104
\LT@head=\box41
\LT@firsthead=\box42
\LT@foot=\box43
\LT@lastfoot=\box44
\LT@cols=\count97
\LT@rows=\count98
\c@LT@tables=\count99
\c@LT@chunks=\count100
\LT@p@ftn=\toks18
)
(/usr/local/texlive/2012/texmf-dist/tex/generic/epsf/epsf.sty
This is `epsf.tex' v2.7.4 <14 February 2011>
\epsffilein=\read1
\epsfframemargin=\dimen105
\epsfframethickness=\dimen106
\epsfrsize=\dimen107
\epsftmp=\dimen108
\epsftsize=\dimen109
\epsfxsize=\dimen110
\epsfysize=\dimen111
\pspoints=\dimen112
)
\c@front@matter@foot@note=\count101
\alt@affil@toks=\toks19
\alt@affil@toks@count=\toks20
\keys@width=\skip51
\c@lastfootnote=\count102
\c@remember@figure@num=\count103
\c@remember@table@num=\count104
\bibindent=\dimen113
\plot@width=\skip52
\c@table@save=\count105
\table@note@skip=\skip53
\deluxe@table@width=\skip54
\@d@t@a=\skip55
\c@deluxe@table@num=\count106
\abovedeluxetableskip=\skip56
\belowdeluxetableskip=\skip57
\lastrowheight=\dimen114
\DT@p@ftn=\toks21
\pt@column=\count107
\pt@ncol=\count108
) (/usr/local/texlive/2012/texmf-dist/tex/latex/oberdiek/epstopdf.sty
Package: epstopdf 2010/02/09 v2.5 Conversion with epstopdf on the fly (HO)

(/usr/local/texlive/2012/texmf-dist/tex/latex/oberdiek/epstopdf-base.sty
Package: epstopdf-base 2010/02/09 v2.5 Base part for package epstopdf

(/usr/local/texlive/2012/texmf-dist/tex/latex/oberdiek/grfext.sty
Package: grfext 2010/08/19 v1.1 Manage graphics extensions (HO)

(/usr/local/texlive/2012/texmf-dist/tex/generic/oberdiek/kvdefinekeys.sty
Package: kvdefinekeys 2011/04/07 v1.3 Define keys (HO)
))
(/usr/local/texlive/2012/texmf-dist/tex/latex/oberdiek/kvoptions.sty
Package: kvoptions 2011/06/30 v3.11 Key value format for package options (HO)

(/usr/local/texlive/2012/texmf-dist/tex/generic/oberdiek/kvsetkeys.sty
Package: kvsetkeys 2012/04/25 v1.16 Key value parser (HO)

(/usr/local/texlive/2012/texmf-dist/tex/generic/oberdiek/etexcmds.sty
Package: etexcmds 2011/02/16 v1.5 Avoid name clashes with e-TeX commands (HO)

(/usr/local/texlive/2012/texmf-dist/tex/generic/oberdiek/ifluatex.sty
Package: ifluatex 2010/03/01 v1.3 Provides the ifluatex switch (HO)
Package ifluatex Info: LuaTeX not detected.
)
Package etexcmds Info: Could not find \expanded.
(etexcmds)             That can mean that you are not using pdfTeX 1.50 or
(etexcmds)             that some package has redefined \expanded.
(etexcmds)             In the latter case, load this package earlier.
)))
(/usr/local/texlive/2012/texmf-dist/tex/generic/oberdiek/pdftexcmds.sty
Package: pdftexcmds 2011/11/29 v0.20 Utility functions of pdfTeX for LuaTeX (HO
)

(/usr/local/texlive/2012/texmf-dist/tex/generic/oberdiek/ifpdf.sty
Package: ifpdf 2011/01/30 v2.3 Provides the ifpdf switch (HO)
Package ifpdf Info: pdfTeX in PDF mode is detected.
)
Package pdftexcmds Info: LuaTeX not detected.
Package pdftexcmds Info: \pdf@primitive is available.
Package pdftexcmds Info: \pdf@ifprimitive is available.
Package pdftexcmds Info: \pdfdraftmode found.
)
Package grfext Info: Graphics extension search list:
(grfext)             [.png,.pdf,.jpg,.mps,.jpeg,.jbig2,.jb2,.PNG,.PDF,.JPG,.JPE
G,.JBIG2,.JB2,.eps]
(grfext)             \AppendGraphicsExtensions on input line 452.

(/usr/local/texlive/2012/texmf-dist/tex/latex/latexconfig/epstopdf-sys.cfg
File: epstopdf-sys.cfg 2010/07/13 v1.3 Configuration of (r)epstopdf for TeX Liv
e
)))
(/usr/local/texlive/2012/texmf-dist/tex/latex/amsmath/amsmath.sty
Package: amsmath 2000/07/18 v2.13 AMS math features
\@mathmargin=\skip58

For additional information on amsmath, use the `?' option.
(/usr/local/texlive/2012/texmf-dist/tex/latex/amsmath/amstext.sty
Package: amstext 2000/06/29 v2.01

(/usr/local/texlive/2012/texmf-dist/tex/latex/amsmath/amsgen.sty
File: amsgen.sty 1999/11/30 v2.0
\@emptytoks=\toks22
\ex@=\dimen115
)
LaTeX Info: Redefining \text on input line 53.
)
(/usr/local/texlive/2012/texmf-dist/tex/latex/amsmath/amsbsy.sty
Package: amsbsy 1999/11/29 v1.2d
\pmbraise@=\dimen116
)
(/usr/local/texlive/2012/texmf-dist/tex/latex/amsmath/amsopn.sty
Package: amsopn 1999/12/14 v2.01 operator names
)
\inf@bad=\count109
LaTeX Info: Redefining \frac on input line 211.
\uproot@=\count110
\leftroot@=\count111
LaTeX Info: Redefining \overline on input line 307.
\classnum@=\count112
\DOTSCASE@=\count113
LaTeX Info: Redefining \ldots on input line 379.
LaTeX Info: Redefining \dots on input line 382.
LaTeX Info: Redefining \cdots on input line 467.
\Mathstrutbox@=\box45
\strutbox@=\box46
\big@size=\dimen117
LaTeX Font Info:    Redeclaring font encoding OML on input line 567.
LaTeX Font Info:    Redeclaring font encoding OMS on input line 568.
\macc@depth=\count114
\c@MaxMatrixCols=\count115
\dotsspace@=\muskip11
\c@parentequation=\count116
\dspbrk@lvl=\count117
\tag@help=\toks23
\row@=\count118
\column@=\count119
\maxfields@=\count120
\andhelp@=\toks24
\eqnshift@=\dimen118
\alignsep@=\dimen119
\tagshift@=\dimen120
\tagwidth@=\dimen121
\totwidth@=\dimen122
\lineht@=\dimen123
\@envbody=\toks25
\multlinegap=\skip59
\multlinetaggap=\skip60
\mathdisplay@stack=\toks26
LaTeX Info: Redefining \[ on input line 2666.
LaTeX Info: Redefining \] on input line 2667.
)
Class revtex4-1 Info: Patching LaTeX tabular. on input line 15.
Class revtex4-1 Info: Patching longtable package on input line 15.
Class revtex4-1 Info: Robustifying \LaTeX's \boldmath command on input line 15.

Class revtex4-1 Info: cite was not loaded (OK!) on input line 15.
Class revtex4-1 Info: mcite was not loaded (OK!) on input line 15.
Class revtex4-1 Info: multicol was not loaded (OK!) on input line 15.
 (./ms.aux

LaTeX Warning: Label `bin1' multiply defined.

)
\openout1 = `ms.aux'.

LaTeX Font Info:    Checking defaults for OML/cmm/m/it on input line 15.
LaTeX Font Info:    ... okay on input line 15.
LaTeX Font Info:    Checking defaults for T1/cmr/m/n on input line 15.
LaTeX Font Info:    ... okay on input line 15.
LaTeX Font Info:    Checking defaults for OT1/cmr/m/n on input line 15.
LaTeX Font Info:    ... okay on input line 15.
LaTeX Font Info:    Checking defaults for OMS/cmsy/m/n on input line 15.
LaTeX Font Info:    ... okay on input line 15.
LaTeX Font Info:    Checking defaults for OMX/cmex/m/n on input line 15.
LaTeX Font Info:    ... okay on input line 15.
LaTeX Font Info:    Checking defaults for U/cmr/m/n on input line 15.
LaTeX Font Info:    ... okay on input line 15.
 (/usr/local/texlive/2012/texmf-dist/tex/context/base/supp-pdf.mkii
[Loading MPS to PDF converter (version 2006.09.02).]
\scratchcounter=\count121
\scratchdimen=\dimen124
\scratchbox=\box47
\nofMPsegments=\count122
\nofMParguments=\count123
\everyMPshowfont=\toks27
\MPscratchCnt=\count124
\MPscratchDim=\dimen125
\MPnumerator=\count125
\makeMPintoPDFobject=\count126
\everyMPtoPDFconversion=\toks28
)
\openout3 = `msNotes.bib'.



Class revtex4-1 Warning: Assuming \noaffiliation for authors.

LaTeX Font Info:    Try loading font information for U+lasy on input line 40.
(/usr/local/texlive/2012/texmf-dist/tex/latex/base/ulasy.fd
File: ulasy.fd 1998/08/17 v2.2e LaTeX symbol font definitions
)
LaTeX Font Info:    Try loading font information for U+msa on input line 40.

(/usr/local/texlive/2012/texmf-dist/tex/latex/amsfonts/umsa.fd
File: umsa.fd 2009/06/22 v3.00 AMS symbols A
)
LaTeX Font Info:    Try loading font information for U+msb on input line 40.

(/usr/local/texlive/2012/texmf-dist/tex/latex/amsfonts/umsb.fd
File: umsb.fd 2009/06/22 v3.00 AMS symbols B
)
LaTeX Font Info:    Try loading font information for OMS+cmr on input line 61.

(/usr/local/texlive/2012/texmf-dist/tex/latex/base/omscmr.fd
File: omscmr.fd 1999/05/25 v2.5h Standard LaTeX font definitions
)
LaTeX Font Info:    Font shape `OMS/cmr/m/n' in size <10> not available
(Font)              Font shape `OMS/cmsy/m/n' tried instead on input line 61.

<new_plots/radec_psc.pdf, id=1, 794.97pt x 361.35pt>
File: new_plots/radec_psc.pdf Graphic file (type pdf)

<use new_plots/radec_psc.pdf>
Package pdftex.def Info: new_plots/radec_psc.pdf used on input line 73.
(pdftex.def)             Requested size: 505.89pt x 229.95645pt.

Underfull \hbox (badness 10000) in paragraph at lines 74--74
$[]$
 []


Underfull \hbox (badness 10000) in paragraph at lines 74--74

 []

<new_plots/big_cmd1.pdf, id=2, 542.025pt x 650.43pt>
File: new_plots/big_cmd1.pdf Graphic file (type pdf)

<use new_plots/big_cmd1.pdf>
Package pdftex.def Info: new_plots/big_cmd1.pdf used on input line 84.
(pdftex.def)             Requested size: 505.89pt x 607.08702pt.

Underfull \hbox (badness 10000) in paragraph at lines 85--85
$[]$
 []


Underfull \hbox (badness 10000) in paragraph at lines 85--85

 []

[1{/usr/local/texlive/2012/texmf-var/fonts/map/pdftex/updmap/pdftex.map}]
[2 <./new_plots/radec_psc.pdf>]

LaTeX Warning: A float is stuck (cannot be placed) on input line 89.


Class revtex4-1 Warning: Deferred float stuck during \clearpage processing.

[3 <./new_plots/big_cmd1.pdf>]
<new_plots/big_cmd2.pdf, id=35, 542.025pt x 180.675pt>
File: new_plots/big_cmd2.pdf Graphic file (type pdf)

<use new_plots/big_cmd2.pdf>
Package pdftex.def Info: new_plots/big_cmd2.pdf used on input line 92.
(pdftex.def)             Requested size: 505.89pt x 168.63527pt.

Underfull \hbox (badness 10000) in paragraph at lines 93--93
$[]$
 []


Underfull \hbox (badness 10000) in paragraph at lines 93--93

 []

Missing character: There is no Ô in font cmr10!
Missing character: There is no Ô in font cmr10!
Missing character: There is no Õ in font cmr10!
Missing character: There is no Õ in font cmr10!
Missing character: There is no Ô in font cmr10!
Missing character: There is no Ô in font cmr10!
Missing character: There is no Õ in font cmr10!
Missing character: There is no Õ in font cmr10!

LaTeX Warning: No positions in optional float specifier.
               Default added (so using `tbp') on input line 144.

<new_plots/four_a42b1.pdf, id=36, 505.89pt x 361.35pt>
File: new_plots/four_a42b1.pdf Graphic file (type pdf)

<use new_plots/four_a42b1.pdf>
Package pdftex.def Info: new_plots/four_a42b1.pdf used on input line 146.
(pdftex.def)             Requested size: 252.94499pt x 180.67456pt.

<new_plots/four_a2a4.pdf, id=37, 505.89pt x 361.35pt>
File: new_plots/four_a2a4.pdf Graphic file (type pdf)

<use new_plots/four_a2a4.pdf>
Package pdftex.def Info: new_plots/four_a2a4.pdf used on input line 147.
(pdftex.def)             Requested size: 252.94499pt x 180.67456pt.

Overfull \hbox (7.67847pt too wide) in paragraph at lines 146--148
 [][] 
 []


Overfull \hbox (7.67847pt too wide) in paragraph at lines 146--148
 [] 
 []


Underfull \hbox (badness 10000) in paragraph at lines 148--148
$[]$
 []


Underfull \hbox (badness 10000) in paragraph at lines 148--148

 []

(./bb_table.tex)

LaTeX Warning: No positions in optional float specifier.
               Default added (so using `tbp') on input line 164.

<new_plots/bb_perhist.pdf, id=38, 505.89pt x 361.35pt>
File: new_plots/bb_perhist.pdf Graphic file (type pdf)

<use new_plots/bb_perhist.pdf>
Package pdftex.def Info: new_plots/bb_perhist.pdf used on input line 166.
(pdftex.def)             Requested size: 252.94499pt x 180.67456pt.

Overfull \hbox (7.67847pt too wide) in paragraph at lines 166--167
 [][] 
 []


Underfull \hbox (badness 10000) in paragraph at lines 167--167
$[]$
 []


Underfull \hbox (badness 10000) in paragraph at lines 167--167

 []

<new_plots/color_period_bb.pdf, id=39, 505.89pt x 361.35pt>
File: new_plots/color_period_bb.pdf Graphic file (type pdf)

<use new_plots/color_period_bb.pdf>
Package pdftex.def Info: new_plots/color_period_bb.pdf used on input line 175.
(pdftex.def)             Requested size: 252.94499pt x 180.67456pt.

Overfull \hbox (7.67847pt too wide) in paragraph at lines 175--176
 [][] 
 []


Underfull \hbox (badness 10000) in paragraph at lines 176--176
$[]$
 []


Underfull \hbox (badness 10000) in paragraph at lines 176--176

 []


LaTeX Warning: `!h' float specifier changed to `!ht'.


LaTeX Warning: No positions in optional float specifier.
               Default added (so using `tbp') on input line 182.

<plots/bb1_3.pdf, id=40, 505.89pt x 433.62pt>
File: plots/bb1_3.pdf Graphic file (type pdf)
 <use plots/bb1_3.pdf>
Package pdftex.def Info: plots/bb1_3.pdf used on input line 184.
(pdftex.def)             Requested size: 144.54pt x 123.89395pt.

<plots/bb1_4.pdf, id=41, 505.89pt x 433.62pt>
File: plots/bb1_4.pdf Graphic file (type pdf)
 <use plots/bb1_4.pdf>
Package pdftex.def Info: plots/bb1_4.pdf used on input line 185.
(pdftex.def)             Requested size: 144.54pt x 123.89395pt.

<plots/bb1_5.pdf, id=42, 505.89pt x 433.62pt>
File: plots/bb1_5.pdf Graphic file (type pdf)
 <use plots/bb1_5.pdf>
Package pdftex.def Info: plots/bb1_5.pdf used on input line 186.
(pdftex.def)             Requested size: 144.54pt x 123.89395pt.

<plots/bb1_6.pdf, id=43, 505.89pt x 433.62pt>
File: plots/bb1_6.pdf Graphic file (type pdf)
 <use plots/bb1_6.pdf>
Package pdftex.def Info: plots/bb1_6.pdf used on input line 187.
(pdftex.def)             Requested size: 144.54pt x 123.89395pt.

<plots/bb1_44.pdf, id=44, 505.89pt x 433.62pt>
File: plots/bb1_44.pdf Graphic file (type pdf)
 <use plots/bb1_44.pdf>
Package pdftex.def Info: plots/bb1_44.pdf used on input line 188.
(pdftex.def)             Requested size: 144.54pt x 123.89395pt.

<plots/bb1_13.pdf, id=45, 505.89pt x 433.62pt>
File: plots/bb1_13.pdf Graphic file (type pdf)
 <use plots/bb1_13.pdf>
Package pdftex.def Info: plots/bb1_13.pdf used on input line 189.
(pdftex.def)             Requested size: 144.54pt x 123.89395pt.

<plots/bb1_14.pdf, id=46, 505.89pt x 433.62pt>
File: plots/bb1_14.pdf Graphic file (type pdf)
 <use plots/bb1_14.pdf>
Package pdftex.def Info: plots/bb1_14.pdf used on input line 190.
(pdftex.def)             Requested size: 144.54pt x 123.89395pt.

<plots/bb1_22.pdf, id=47, 505.89pt x 433.62pt>
File: plots/bb1_22.pdf Graphic file (type pdf)
 <use plots/bb1_22.pdf>
Package pdftex.def Info: plots/bb1_22.pdf used on input line 191.
(pdftex.def)             Requested size: 144.54pt x 123.89395pt.

<plots/bb1_27.pdf, id=48, 505.89pt x 433.62pt>
File: plots/bb1_27.pdf Graphic file (type pdf)
 <use plots/bb1_27.pdf>
Package pdftex.def Info: plots/bb1_27.pdf used on input line 192.
(pdftex.def)             Requested size: 144.54pt x 123.89395pt.

Underfull \hbox (badness 10000) in paragraph at lines 193--193
$[]$
 []


Underfull \hbox (badness 10000) in paragraph at lines 193--193

 []


LaTeX Warning: No positions in optional float specifier.
               Default added (so using `tbp') on input line 198.

<plots/bb2_1.pdf, id=49, 505.89pt x 433.62pt>
File: plots/bb2_1.pdf Graphic file (type pdf)
 <use plots/bb2_1.pdf>
Package pdftex.def Info: plots/bb2_1.pdf used on input line 200.
(pdftex.def)             Requested size: 144.54pt x 123.89395pt.

<plots/bb2_2.pdf, id=50, 505.89pt x 433.62pt>
File: plots/bb2_2.pdf Graphic file (type pdf)
 <use plots/bb2_2.pdf>
Package pdftex.def Info: plots/bb2_2.pdf used on input line 201.
(pdftex.def)             Requested size: 144.54pt x 123.89395pt.

<plots/bb2_7.pdf, id=51, 505.89pt x 433.62pt>
File: plots/bb2_7.pdf Graphic file (type pdf)
 <use plots/bb2_7.pdf>
Package pdftex.def Info: plots/bb2_7.pdf used on input line 202.
(pdftex.def)             Requested size: 144.54pt x 123.89395pt.

<plots/bb2_8.pdf, id=52, 505.89pt x 433.62pt>
File: plots/bb2_8.pdf Graphic file (type pdf)
 <use plots/bb2_8.pdf>
Package pdftex.def Info: plots/bb2_8.pdf used on input line 203.
(pdftex.def)             Requested size: 144.54pt x 123.89395pt.

<plots/bb2_11.pdf, id=53, 505.89pt x 433.62pt>
File: plots/bb2_11.pdf Graphic file (type pdf)
 <use plots/bb2_11.pdf>
Package pdftex.def Info: plots/bb2_11.pdf used on input line 204.
(pdftex.def)             Requested size: 144.54pt x 123.89395pt.

<plots/bb2_13.pdf, id=54, 505.89pt x 433.62pt>
File: plots/bb2_13.pdf Graphic file (type pdf)
 <use plots/bb2_13.pdf>
Package pdftex.def Info: plots/bb2_13.pdf used on input line 205.
(pdftex.def)             Requested size: 144.54pt x 123.89395pt.

<plots/bb2_19.pdf, id=55, 505.89pt x 433.62pt>
File: plots/bb2_19.pdf Graphic file (type pdf)
 <use plots/bb2_19.pdf>
Package pdftex.def Info: plots/bb2_19.pdf used on input line 206.
(pdftex.def)             Requested size: 144.54pt x 123.89395pt.

<plots/bb2_28.pdf, id=56, 505.89pt x 433.62pt>
File: plots/bb2_28.pdf Graphic file (type pdf)
 <use plots/bb2_28.pdf>
Package pdftex.def Info: plots/bb2_28.pdf used on input line 207.
(pdftex.def)             Requested size: 144.54pt x 123.89395pt.

<plots/bb2_30.pdf, id=57, 505.89pt x 433.62pt>
File: plots/bb2_30.pdf Graphic file (type pdf)
 <use plots/bb2_30.pdf>
Package pdftex.def Info: plots/bb2_30.pdf used on input line 208.
(pdftex.def)             Requested size: 144.54pt x 123.89395pt.

<plots/bb2_31.pdf, id=58, 505.89pt x 433.62pt>
File: plots/bb2_31.pdf Graphic file (type pdf)
 <use plots/bb2_31.pdf>
Package pdftex.def Info: plots/bb2_31.pdf used on input line 209.
(pdftex.def)             Requested size: 144.54pt x 123.89395pt.

<plots/bb2_45.pdf, id=59, 505.89pt x 433.62pt>
File: plots/bb2_45.pdf Graphic file (type pdf)
 <use plots/bb2_45.pdf>
Package pdftex.def Info: plots/bb2_45.pdf used on input line 210.
(pdftex.def)             Requested size: 144.54pt x 123.89395pt.

<plots/bb2_46.pdf, id=60, 505.89pt x 433.62pt>
File: plots/bb2_46.pdf Graphic file (type pdf)
 <use plots/bb2_46.pdf>
Package pdftex.def Info: plots/bb2_46.pdf used on input line 211.
(pdftex.def)             Requested size: 144.54pt x 123.89395pt.

Underfull \hbox (badness 10000) in paragraph at lines 212--212
$[]$
 []


Underfull \hbox (badness 10000) in paragraph at lines 212--212

 []


LaTeX Warning: No positions in optional float specifier.
               Default added (so using `tbp') on input line 217.

<plots/shortest_sep.pdf, id=61, 505.89pt x 433.62pt>
File: plots/shortest_sep.pdf Graphic file (type pdf)

<use plots/shortest_sep.pdf>
Package pdftex.def Info: plots/shortest_sep.pdf used on input line 219.
(pdftex.def)             Requested size: 216.81pt x 185.83763pt.

Underfull \hbox (badness 10000) in paragraph at lines 220--220
$[]$
 []


Underfull \hbox (badness 10000) in paragraph at lines 220--220

 []

(./rr_table.tex
Overfull \hbox (1.64937pt too wide) in paragraph at lines 1--47
 []$[]$ 
 []

)

LaTeX Warning: No positions in optional float specifier.
               Default added (so using `tbp') on input line 237.

<new_plots/color_period_rr.pdf, id=62, 505.89pt x 361.35pt>
File: new_plots/color_period_rr.pdf Graphic file (type pdf)

<use new_plots/color_period_rr.pdf>
Package pdftex.def Info: new_plots/color_period_rr.pdf used on input line 239.
(pdftex.def)             Requested size: 216.81pt x 154.86469pt.

Underfull \hbox (badness 10000) in paragraph at lines 240--240
$[]$
 []


Underfull \hbox (badness 10000) in paragraph at lines 240--240

 []


LaTeX Warning: No positions in optional float specifier.
               Default added (so using `tbp') on input line 246.

<new_plots/rr_0.pdf, id=63, 505.89pt x 361.35pt>
File: new_plots/rr_0.pdf Graphic file (type pdf)
 <use new_plots/rr_0.pdf>
Package pdftex.def Info: new_plots/rr_0.pdf used on input line 248.
(pdftex.def)             Requested size: 144.54pt x 103.24496pt.

<new_plots/rr_1.pdf, id=64, 505.89pt x 361.35pt>
File: new_plots/rr_1.pdf Graphic file (type pdf)
 <use new_plots/rr_1.pdf>
Package pdftex.def Info: new_plots/rr_1.pdf used on input line 249.
(pdftex.def)             Requested size: 144.54pt x 103.24496pt.

<new_plots/rr_2.pdf, id=65, 505.89pt x 361.35pt>
File: new_plots/rr_2.pdf Graphic file (type pdf)
 <use new_plots/rr_2.pdf>
Package pdftex.def Info: new_plots/rr_2.pdf used on input line 250.
(pdftex.def)             Requested size: 144.54pt x 103.24496pt.

<new_plots/rr_3.pdf, id=66, 505.89pt x 361.35pt>
File: new_plots/rr_3.pdf Graphic file (type pdf)
 <use new_plots/rr_3.pdf>
Package pdftex.def Info: new_plots/rr_3.pdf used on input line 251.
(pdftex.def)             Requested size: 144.54pt x 103.24496pt.

<new_plots/rr_4.pdf, id=67, 505.89pt x 361.35pt>
File: new_plots/rr_4.pdf Graphic file (type pdf)
 <use new_plots/rr_4.pdf>
Package pdftex.def Info: new_plots/rr_4.pdf used on input line 252.
(pdftex.def)             Requested size: 144.54pt x 103.24496pt.

<new_plots/rr_5.pdf, id=68, 505.89pt x 361.35pt>
File: new_plots/rr_5.pdf Graphic file (type pdf)
 <use new_plots/rr_5.pdf>
Package pdftex.def Info: new_plots/rr_5.pdf used on input line 253.
(pdftex.def)             Requested size: 144.54pt x 103.24496pt.

<new_plots/rr_6.pdf, id=69, 505.89pt x 361.35pt>
File: new_plots/rr_6.pdf Graphic file (type pdf)
 <use new_plots/rr_6.pdf>
Package pdftex.def Info: new_plots/rr_6.pdf used on input line 254.
(pdftex.def)             Requested size: 144.54pt x 103.24496pt.

<new_plots/rr_7.pdf, id=70, 505.89pt x 361.35pt>
File: new_plots/rr_7.pdf Graphic file (type pdf)
 <use new_plots/rr_7.pdf>
Package pdftex.def Info: new_plots/rr_7.pdf used on input line 255.
(pdftex.def)             Requested size: 144.54pt x 103.24496pt.

<new_plots/rr_8.pdf, id=71, 505.89pt x 361.35pt>
File: new_plots/rr_8.pdf Graphic file (type pdf)
 <use new_plots/rr_8.pdf>
Package pdftex.def Info: new_plots/rr_8.pdf used on input line 256.
(pdftex.def)             Requested size: 144.54pt x 103.24496pt.

Underfull \hbox (badness 10000) in paragraph at lines 257--257
$[]$
 []


Underfull \hbox (badness 10000) in paragraph at lines 257--257

 []


LaTeX Warning: No positions in optional float specifier.
               Default added (so using `tbp') on input line 261.

<new_plots/rr_9.pdf, id=72, 505.89pt x 361.35pt>
File: new_plots/rr_9.pdf Graphic file (type pdf)
 <use new_plots/rr_9.pdf>
Package pdftex.def Info: new_plots/rr_9.pdf used on input line 263.
(pdftex.def)             Requested size: 180.67499pt x 129.05482pt.

<new_plots/rr_10.pdf, id=73, 505.89pt x 361.35pt>
File: new_plots/rr_10.pdf Graphic file (type pdf)
 <use new_plots/rr_10.pdf>
Package pdftex.def Info: new_plots/rr_10.pdf used on input line 264.
(pdftex.def)             Requested size: 180.67499pt x 129.05482pt.

Underfull \hbox (badness 10000) in paragraph at lines 265--265
$[]$
 []


Underfull \hbox (badness 10000) in paragraph at lines 265--265

 []


LaTeX Warning: No positions in optional float specifier.
               Default added (so using `tbp') on input line 270.

<plots/rr0_cmd.pdf, id=74, 505.89pt x 433.62pt>
File: plots/rr0_cmd.pdf Graphic file (type pdf)
 <use plots/rr0_cmd.pdf>
Package pdftex.def Info: plots/rr0_cmd.pdf used on input line 272.
(pdftex.def)             Requested size: 216.81pt x 185.83763pt.

<plots/rr15_cmd.pdf, id=75, 505.89pt x 433.62pt>
File: plots/rr15_cmd.pdf Graphic file (type pdf)
 <use plots/rr15_cmd.pdf>
Package pdftex.def Info: plots/rr15_cmd.pdf used on input line 273.
(pdftex.def)             Requested size: 216.81pt x 185.83763pt.

Underfull \hbox (badness 10000) in paragraph at lines 274--274
$[]$
 []


Underfull \hbox (badness 10000) in paragraph at lines 274--274

 []

(./ll_table.tex)

LaTeX Warning: No positions in optional float specifier.
               Default added (so using `tbp') on input line 288.

<plots/ll_14.pdf, id=76, 505.89pt x 433.62pt>
File: plots/ll_14.pdf Graphic file (type pdf)
 <use plots/ll_14.pdf>
Package pdftex.def Info: plots/ll_14.pdf used on input line 290.
(pdftex.def)             Requested size: 216.81pt x 185.83763pt.

Underfull \hbox (badness 10000) in paragraph at lines 291--291
$[]$
 []


Underfull \hbox (badness 10000) in paragraph at lines 291--291

 []


LaTeX Warning: No positions in optional float specifier.
               Default added (so using `tbp') on input line 296.

<plots/ll_13.pdf, id=77, 505.89pt x 433.62pt>
File: plots/ll_13.pdf Graphic file (type pdf)
 <use plots/ll_13.pdf>
Package pdftex.def Info: plots/ll_13.pdf used on input line 298.
(pdftex.def)             Requested size: 144.54pt x 123.89395pt.

<plots/ll_20.pdf, id=78, 505.89pt x 433.62pt>
File: plots/ll_20.pdf Graphic file (type pdf)
 <use plots/ll_20.pdf>
Package pdftex.def Info: plots/ll_20.pdf used on input line 299.
(pdftex.def)             Requested size: 144.54pt x 123.89395pt.

<plots/ll_22.pdf, id=79, 505.89pt x 433.62pt>
File: plots/ll_22.pdf Graphic file (type pdf)
 <use plots/ll_22.pdf>
Package pdftex.def Info: plots/ll_22.pdf used on input line 300.
(pdftex.def)             Requested size: 144.54pt x 123.89395pt.

<plots/ll_23.pdf, id=80, 505.89pt x 433.62pt>
File: plots/ll_23.pdf Graphic file (type pdf)
 <use plots/ll_23.pdf>
Package pdftex.def Info: plots/ll_23.pdf used on input line 301.
(pdftex.def)             Requested size: 144.54pt x 123.89395pt.

<plots/ll_24.pdf, id=81, 505.89pt x 433.62pt>
File: plots/ll_24.pdf Graphic file (type pdf)
 <use plots/ll_24.pdf>
Package pdftex.def Info: plots/ll_24.pdf used on input line 302.
(pdftex.def)             Requested size: 144.54pt x 123.89395pt.

<plots/ll_25.pdf, id=82, 505.89pt x 433.62pt>
File: plots/ll_25.pdf Graphic file (type pdf)
 <use plots/ll_25.pdf>
Package pdftex.def Info: plots/ll_25.pdf used on input line 303.
(pdftex.def)             Requested size: 144.54pt x 123.89395pt.

<plots/ll_26.pdf, id=83, 505.89pt x 433.62pt>
File: plots/ll_26.pdf Graphic file (type pdf)
 <use plots/ll_26.pdf>
Package pdftex.def Info: plots/ll_26.pdf used on input line 304.
(pdftex.def)             Requested size: 144.54pt x 123.89395pt.

<plots/ll_30.pdf, id=84, 505.89pt x 433.62pt>
File: plots/ll_30.pdf Graphic file (type pdf)
 <use plots/ll_30.pdf>
Package pdftex.def Info: plots/ll_30.pdf used on input line 305.
(pdftex.def)             Requested size: 144.54pt x 123.89395pt.

<plots/ll_32.pdf, id=85, 505.89pt x 433.62pt>
File: plots/ll_32.pdf Graphic file (type pdf)
 <use plots/ll_32.pdf>
Package pdftex.def Info: plots/ll_32.pdf used on input line 306.
(pdftex.def)             Requested size: 144.54pt x 123.89395pt.

<plots/ll_36.pdf, id=86, 505.89pt x 433.62pt>
File: plots/ll_36.pdf Graphic file (type pdf)
 <use plots/ll_36.pdf>
Package pdftex.def Info: plots/ll_36.pdf used on input line 307.
(pdftex.def)             Requested size: 144.54pt x 123.89395pt.

<plots/ll_40.pdf, id=87, 505.89pt x 433.62pt>
File: plots/ll_40.pdf Graphic file (type pdf)
 <use plots/ll_40.pdf>
Package pdftex.def Info: plots/ll_40.pdf used on input line 308.
(pdftex.def)             Requested size: 144.54pt x 123.89395pt.

<plots/ll_41.pdf, id=88, 505.89pt x 433.62pt>
File: plots/ll_41.pdf Graphic file (type pdf)
 <use plots/ll_41.pdf>
Package pdftex.def Info: plots/ll_41.pdf used on input line 309.
(pdftex.def)             Requested size: 144.54pt x 123.89395pt.

Underfull \hbox (badness 10000) in paragraph at lines 310--310
$[]$
 []


Underfull \hbox (badness 10000) in paragraph at lines 310--310

 []

(./ms.bbl [4]) [5 <./new_plots/big_cmd2.pdf>] [6 <./new_plots/four_a42b1.pdf> <
./new_plots/four_a2a4.pdf> <./new_plots/bb_perhist.pdf>] [7 <./new_plots/color_
period_bb.pdf> <./plots/bb1_3.pdf> <./plots/bb1_4.pdf> <./plots/bb1_5.pdf> <./p
lots/bb1_6.pdf> <./plots/bb1_44.pdf> <./plots/bb1_13.pdf> <./plots/bb1_14.pdf> 
<./plots/bb1_22.pdf> <./plots/bb1_27.pdf>] [8 <./plots/bb2_1.pdf> <./plots/bb2_
2.pdf> <./plots/bb2_7.pdf> <./plots/bb2_8.pdf> <./plots/bb2_11.pdf> <./plots/bb
2_13.pdf> <./plots/bb2_19.pdf> <./plots/bb2_28.pdf> <./plots/bb2_30.pdf> <./plo
ts/bb2_31.pdf> <./plots/bb2_45.pdf> <./plots/bb2_46.pdf>] [9 <./plots/shortest_
sep.pdf> <./new_plots/color_period_rr.pdf>] [10 <./new_plots/rr_0.pdf> <./new_p
lots/rr_1.pdf> <./new_plots/rr_2.pdf> <./new_plots/rr_3.pdf> <./new_plots/rr_4.
pdf> <./new_plots/rr_5.pdf> <./new_plots/rr_6.pdf> <./new_plots/rr_7.pdf> <./ne
w_plots/rr_8.pdf> <./new_plots/rr_9.pdf> <./new_plots/rr_10.pdf>] [11 <./plots/
rr0_cmd.pdf> <./plots/rr15_cmd.pdf> <./plots/ll_14.pdf>] [12 <./plots/ll_13.pdf
> <./plots/ll_20.pdf> <./plots/ll_22.pdf> <./plots/ll_23.pdf> <./plots/ll_24.pd
f> <./plots/ll_25.pdf> <./plots/ll_26.pdf> <./plots/ll_30.pdf> <./plots/ll_32.p
df> <./plots/ll_36.pdf> <./plots/ll_40.pdf> <./plots/ll_41.pdf>] (./ms.aux)

LaTeX Warning: There were multiply-defined labels.

 ) 
Here is how much of TeX's memory you used:
 5278 strings out of 493488
 71293 string characters out of 3141326
 204522 words of memory out of 3000000
 8435 multiletter control sequences out of 15000+200000
 12566 words of font info for 52 fonts, out of 3000000 for 9000
 957 hyphenation exceptions out of 8191
 42i,9n,29p,1634b,443s stack positions out of 5000i,500n,10000p,200000b,50000s
</usr/local/texlive/2012/texmf-dist/fonts/type1/public/amsfonts/cm/cmcsc10.pf
b></usr/local/texlive/2012/texmf-dist/fonts/type1/public/amsfonts/cm/cmex10.pfb
></usr/local/texlive/2012/texmf-dist/fonts/type1/public/amsfonts/cm/cmmi10.pfb>
</usr/local/texlive/2012/texmf-dist/fonts/type1/public/amsfonts/cm/cmmi6.pfb></
usr/local/texlive/2012/texmf-dist/fonts/type1/public/amsfonts/cm/cmmi7.pfb></us
r/local/texlive/2012/texmf-dist/fonts/type1/public/amsfonts/cm/cmmi8.pfb></usr/
local/texlive/2012/texmf-dist/fonts/type1/public/amsfonts/cm/cmr10.pfb></usr/lo
cal/texlive/2012/texmf-dist/fonts/type1/public/amsfonts/cm/cmr5.pfb></usr/local
/texlive/2012/texmf-dist/fonts/type1/public/amsfonts/cm/cmr6.pfb></usr/local/te
xlive/2012/texmf-dist/fonts/type1/public/amsfonts/cm/cmr7.pfb></usr/local/texli
ve/2012/texmf-dist/fonts/type1/public/amsfonts/cm/cmr8.pfb></usr/local/texlive/
2012/texmf-dist/fonts/type1/public/amsfonts/cm/cmr9.pfb></usr/local/texlive/201
2/texmf-dist/fonts/type1/public/amsfonts/cm/cmsy10.pfb></usr/local/texlive/2012
/texmf-dist/fonts/type1/public/amsfonts/cm/cmsy7.pfb></usr/local/texlive/2012/t
exmf-dist/fonts/type1/public/amsfonts/cm/cmsy8.pfb></usr/local/texlive/2012/tex
mf-dist/fonts/type1/public/amsfonts/cm/cmti10.pfb></usr/local/texlive/2012/texm
f-dist/fonts/type1/public/amsfonts/cm/cmti8.pfb></usr/local/texlive/2012/texmf-
dist/fonts/type1/public/amsfonts/symbols/msam10.pfb>
Output written on ms.pdf (12 pages, 30286931 bytes).
PDF statistics:
 290 PDF objects out of 1000 (max. 8388607)
 198 compressed objects within 2 object streams
 0 named destinations out of 1000 (max. 500000)
 281 words of extra memory for PDF output out of 10000 (max. 10000000)

