         675
        1660
        1693
        6408
        8673
       11078
       14071
       23526
       24743
       28195
       29056
       30541
       34059
       36553
       46313
       46854
       47971
       53376
       59613
       60070
       60305
       60534
       61159
       61763
       63085
       65024
       65030
       65928
       66020
       66293
       66685
       67334
       68059
       68405
       69436
       71469
       71499
       76853
       97054
       97158
      100120
      101695
      102661
      103468
      107524
      110784
