objectid, per, J,H,K, w1,w2,w3, A_J, A_H, A_K
         375      2.6390219     15.5059996     14.8400002     14.6470003     14.5799999     14.5200005     12.5030003      0.0272082      0.0173746      0.0110703
         788      4.8304524     12.6339998     10.2480001      8.9139996      7.6950002      6.8220000      5.5070000      6.0796127      3.8823245      2.4736340
         823     14.5363569     12.2720003     10.5819998      9.8319998      9.4600000      9.2349997      8.8549995      3.3517423      2.1403584      1.3637356
        3432      0.8850793     16.3309994     15.8299999     15.4709997     15.7440004     16.0610008     12.5360003      0.6589808      0.4208126      0.2681219
        4301      1.7614044     15.4399996     14.9610004     14.7969999     14.8219995     15.0590000     12.2449999      0.6147166      0.3925463      0.2501120
        6086     10.3382750     11.6309996     11.3680000     11.3000002     11.1330004     11.2259998     11.1879997      0.0292184      0.0186583      0.0118882
        6181      0.5339031     10.3160000     10.1129999     10.0430002      9.9809999     10.0050001      9.9779997      0.0320549      0.0204697      0.0130423
        6290      2.8219385     11.6549997     11.0939999     10.9429998     10.8400002     10.8219995     10.6809998      0.0295700      0.0188828      0.0120313
        9648      8.7304506     15.0889997     14.7980003     14.7449999     14.7189999     14.7480001     12.7500000      0.0681965      0.0435490      0.0277474
       12194      1.7663875     15.6020002     14.9069996     14.6280003     14.4440002     14.2119999     12.4069996      0.2578837      0.1646796      0.1049261
       14901      0.3928735     15.6499996     14.9650002     14.8050003     14.8230000     14.7580004     12.9670000      0.0949060      0.0606052      0.0386148
       14903      8.8619366     16.0660000     15.6040001     15.3339996    -99.0000000    -99.0000000    -99.0000000      0.0944834      0.0603353      0.0384428
       15998      0.9891431     15.6160002     15.0909996     14.9610004     15.0530005     15.2969999     13.2720003      0.1100042      0.0702466      0.0447578
       16575     20.0317822     12.9610004     12.4410000     12.3190002     12.2580004     12.3030005     13.0780001      0.1222963      0.0780961      0.0497591
       19639     11.7783842     10.2930002     10.0869999      9.9700003      9.8879995      9.8669996     10.0530005      0.5132467      0.3277496      0.2088266
       19935      0.9732316     14.0030003     13.7770004     13.6840000     13.6099997     13.5839996     12.2229996      0.3651836      0.2331993      0.1485836
       20242      5.3908081     14.9700003     14.2880001     14.1379995     13.9930000     13.9930000     12.7030001      0.3764736      0.2404089      0.1531772
       23094      4.3301201     11.2860003     11.0319996     10.9700003     10.9280005     10.9750004     11.0360003      0.1524033      0.0973218      0.0620089
       26101      2.5601387     13.9610004     13.3310003     13.1730003    -99.0000000    -99.0000000    -99.0000000      0.1859281      0.1187301      0.0756492
       31046      2.0349538     13.6890001     13.3579998     13.2379999     13.1879997     13.2950001     12.6280003      0.2349014      0.1500035      0.0955752
       33176      2.4124255     15.7550001     15.0240002     14.7900000     14.3570004     14.2449999     12.5380001      0.2239082      0.1429835      0.0911024
       33838      3.3082759     14.6929998     14.3120003     14.2410002     14.3450003     14.6610003     12.7299995      0.2204434      0.1407709      0.0896926
       34705      1.8269364     12.9150000     12.5850000     12.5120001     12.5340004     12.5959997     10.0880003      0.2024384      0.1292733      0.0823669
       36168      1.3916023     15.8610001     15.2950001     15.1330004     15.7709999     15.9960003     12.7360001      0.2225579      0.1421212      0.0905529
       43343      0.7725660     13.5819998     13.0249996     12.9099998     12.8350000     12.8999996     12.4849997      0.0187274      0.0119589      0.0076197
       43823      1.5009542     14.7969999     14.5450001     14.4770002     14.4870005     14.4779997     10.8409996      0.4242328      0.2709070      0.1726091
       58516     16.4756947     14.8389997     13.8870001     13.5480003    -99.0000000    -99.0000000    -99.0000000      1.4415543      0.9205490      0.5865304
       59150      1.0527222     14.7930002     14.2600002     14.1079998    -99.0000000    -99.0000000    -99.0000000      2.3343065      1.4906435      0.9497677
       59397      3.1448686     13.6789999     13.1350002     12.9440002    -99.0000000    -99.0000000    -99.0000000      1.3932004      0.8896711      0.5668565
       63093     39.8603096     13.3520002     12.0159998     11.4870005    -99.0000000    -99.0000000    -99.0000000      1.5357330      0.9806897      0.6248493
       65188      2.3939877     14.8699999     14.0970001     13.8120003    -99.0000000    -99.0000000    -99.0000000      2.0859172      1.3320268      0.8487047
       65335      0.7221041     15.0970001     14.4280005     14.1969995    -99.0000000    -99.0000000    -99.0000000      2.3607075      1.5075027      0.9605096
       65419      4.0676446     14.3369999     13.4650002     13.0850000    -99.0000000    -99.0000000    -99.0000000      2.0343022      1.2990665      0.8277039
       66234      3.3548527     14.4569998     13.8330002     13.5799999    -99.0000000    -99.0000000    -99.0000000      1.4656221      0.9359183      0.5963230
       67968     38.7043915     14.4239998     13.3599997     12.9820004    -99.0000000    -99.0000000    -99.0000000      2.2374244      1.4287765      0.9103490
       68998      5.4111662     12.7930002     12.4130001     12.2390003     12.0769997     12.1450005     10.8059998      2.3053758      1.4721690      0.9379966
       69751      1.5512013     14.8950005     14.3000002     13.9940004    -99.0000000    -99.0000000    -99.0000000      2.2754929      1.4530863      0.9258381
       70517      1.5197997     12.7469997     12.1920004     11.9090004     11.7010002     11.6689997     11.0349998      2.0685303      1.3209239      0.8416304
       70775      7.3946033     15.1440001     14.6009998     14.4189997    -99.0000000    -99.0000000    -99.0000000      1.3156135      0.8401256      0.5352885
       74624      0.3399737     15.0609999     14.4040003     14.2349997     14.1000004     14.0860004     12.7580004      0.0608266      0.0388427      0.0247487
       77149      0.6084767     11.1079998     10.8059998     10.7299995     10.6719999     10.7139997     10.5270004      0.0424526      0.0271094      0.0172728
       79054      4.3974853     13.5850000     13.1569996     13.0740004     13.0660000     13.0550003     12.0990000      0.0592058      0.0378077      0.0240893
       82200      0.9055207     13.6140003     13.2449999     13.1549997     12.8889999     12.9080000     12.3979998      0.0565995      0.0361434      0.0230289
       82516      4.4002652     15.3760004     14.7229996     14.5229998     14.4049997     14.4020004     12.0109997      0.0515769      0.0329360      0.0209853
       83536      2.5146472     15.0249996     14.4870005     14.3590002     14.2080002     14.1630001     12.8269997      0.0895722      0.0571991      0.0364445
       86669      1.2487631     13.0699997     12.8990002     12.8199997     12.6840000     12.6669998     11.9480000      1.9330612      1.2344159      0.7865116
       87784      0.5363303     15.9289999     15.2740002     15.0089998    -99.0000000    -99.0000000    -99.0000000      1.9693661      1.2575996      0.8012831
       88130      2.3395221     15.5810003     15.2259998     15.0229998    -99.0000000    -99.0000000    -99.0000000      1.7675018      1.1286929      0.7191498
       88298      8.0900154     12.9080000     12.1490002     11.9069996     11.8839998     11.8380003     12.4069996      1.7360876      1.1086323      0.7063683
       88363      5.1099997     15.8179998     15.3389997     15.0520000     15.1070004     15.4200001     12.4340000      1.9837433      1.2667806      0.8071328
       88836      8.2203770     13.8020000     13.4750004     13.3190002     13.1859999     13.2700005     12.0649996      1.7559404      1.1213101      0.7144459
       89073      2.8452337     14.8660002     14.4809999     14.2760000    -99.0000000    -99.0000000    -99.0000000      1.7660928      1.1277931      0.7185766
       89315      2.4381115     14.5270004     14.1660004     13.9879999     13.9329996     14.0570002     12.7720003      1.7581527      1.1227227      0.7153460
       89940      2.6533527     15.6780005     15.2399998     15.0330000     14.8490000     15.2089996     12.4460001      1.6581395      1.0588562      0.6746532
       90934      7.7775879     12.5690002     12.3170004     12.2089996     12.1059999     12.1820002     12.0229998      1.7129592      1.0938630      0.6969579
       92855      1.6172996     15.2550001     14.7799997     14.5310001     14.2930002     14.4169998     12.6599998      1.9553852      1.2486717      0.7955947
       95094      4.1827393     12.6829996     11.9960003     11.7840004     11.4829998     11.5530005     10.9379997      0.6957091      0.4442666      0.2830657
       96466      3.4373174     15.6590004     15.1809998     14.9829998    -99.0000000    -99.0000000    -99.0000000      0.7274622      0.4645434      0.2959852
       96668      2.1740396     12.2299995     11.9750004     11.8699999    -99.0000000    -99.0000000    -99.0000000      0.6947241      0.4436375      0.2826649
      100939      0.8561791     14.6739998     14.1990004     14.0410004     14.0349998     14.0579996     10.3970003      0.7579842      0.4840342      0.3084038
      103325      1.4332299     16.0590000     15.5100002     15.1750002    -99.0000000    -99.0000000    -99.0000000      0.7254726      0.4632730      0.2951757
      106057      3.0922205     13.2049999     12.7840004     12.6619997    -99.0000000    -99.0000000    -99.0000000      0.6199875      0.3959122      0.2522566
      106131      0.5184650     13.2060003     12.7309999     12.5839996     12.6250000     12.6809998     11.5699997      0.7253909      0.4632207      0.2951424
      106452      2.4860911     15.2240000     14.5939999     14.3719997    -99.0000000    -99.0000000    -99.0000000      0.7345871      0.4690933      0.2988841
      106512      1.4815804     14.0819998     13.6149998     13.4600000     13.3940001     13.5089998     10.4930000      0.7305244      0.4664989      0.2972311
      106737      1.3242379     12.7119999     12.3529997     12.2410002     12.0990000     12.1560001    -99.0000000      0.6153308      0.3929385      0.2503619
      107048     34.7718048     10.0629997      9.8750000      9.7709999      9.6479998      9.6569996      9.7539997      0.7555342      0.4824697      0.3074070
      107404      1.0921408     15.6750002     15.1269999     14.9020004    -99.0000000    -99.0000000    -99.0000000      0.6521884      0.4164751      0.2653583
      108770      4.7038121     13.1029997     12.4209995     12.2069998     12.1990004     12.1680002     11.6660004      0.7205949      0.4601581      0.2931911
      110377      4.3472590     13.6759996     13.0249996     12.8210001     12.6459999     12.6809998    -99.0000000      0.6524233      0.4166251      0.2654538
