objectid, per, J,H,K, w1,w2,w3, A_J, A_H, A_K
           7      0.3720467     13.6169996     12.9370003     12.7200003     12.5920000     12.4689999     12.6079998      0.0260169      0.0166139      0.0105856
         375      2.6390219     15.5059996     14.8400002     14.6470003     14.5799999     14.5200005     12.5030003      0.0272082      0.0173746      0.0110703
         788      4.8304524     12.6339998     10.2480001      8.9139996      7.6950002      6.8220000      5.5070000      6.0796127      3.8823245      2.4736340
         812     11.0709581     13.3059998     10.6879997      9.3870001      8.6700001      8.2519999      8.0640001      3.5696611      2.2795174      1.4524009
         873      2.9676991     15.7150002     13.1339998     11.5319996     10.0260000      9.2329998      7.5860000      5.8837996      3.7572820      2.3939629
        1518      7.1095567     13.4209995     11.3160000     10.3269997      9.9689999      9.5719995      8.8699999      3.8011491      2.4273412      1.5465873
        1960      1.2448643     12.1800003     10.3850002      9.4729996      8.9910002      8.5810003      8.3269997      1.8155862      1.1593987      0.7387142
        2423      5.4933939     10.5000000      9.5880003      9.2570000      9.1090002      8.9740000      8.9230003      0.8591356      0.5486276      0.3495596
        4301      1.7614044     15.4399996     14.9610004     14.7969999     14.8219995     15.0590000     12.2449999      0.6147166      0.3925463      0.2501120
        4347      0.2821066      9.1239996      8.7399998      8.6400003      8.5699997      8.6190004      8.6210003      0.6294017      0.4019239      0.2560869
        5822      0.4414376     11.8030005     11.5500002     11.4779997     11.4379997     11.4350004     11.3249998      0.0306590      0.0195783      0.0124743
        6061      0.2708855     13.7959995     13.2180004     13.0959997     13.0209999     12.9659996     12.0380001      0.0315753      0.0201634      0.0128472
        6086     10.3382750     11.6309996     11.3680000     11.3000002     11.1330004     11.2259998     11.1879997      0.0292184      0.0186583      0.0118882
        6181      0.5339031     10.3160000     10.1129999     10.0430002      9.9809999     10.0050001      9.9779997      0.0320549      0.0204697      0.0130423
        6290      2.8219385     11.6549997     11.0939999     10.9429998     10.8400002     10.8219995     10.6809998      0.0295700      0.0188828      0.0120313
        6462      1.2371371     13.7279997     13.0500002     12.8889999     12.8100004     12.7500000     12.0430002      0.0278310      0.0177723      0.0113237
        6531      0.3596661     12.4110003     12.1300001     12.0539999     11.9580002     11.9829998     11.9130001      0.0288952      0.0184519      0.0117567
        7814      0.2539610     15.4410000     14.8999996     14.7200003     14.4010000     14.4560003     13.4320002      0.0573754      0.0366389      0.0233445
        9648      8.7304506     15.0889997     14.7980003     14.7449999     14.7189999     14.7480001     12.7500000      0.0681965      0.0435490      0.0277474
       10001      2.3037901     10.7159996     10.4759998     10.3929996     10.3750000     10.3690004     10.2889996      0.0578874      0.0369658      0.0235529
       10552      0.2473191     14.9029999     14.3479996     14.2220001     14.1639996     14.1689997     13.4259996      0.0615506      0.0393051      0.0250433
       12486      0.3118717     14.6280003     14.2349997     14.1479998     14.1210003     14.1689997     13.2480001      0.0967539      0.0617852      0.0393666
       14281      0.2663005     15.4420004     14.8290005     14.6829996    -99.0000000    -99.0000000    -99.0000000      0.0938848      0.0599531      0.0381993
       14807      0.4264983     14.7480001     14.2939997     14.1879997     13.9289999     14.0480003     12.8120003      0.0946190      0.0604219      0.0384980
       14901      0.3928735     15.6499996     14.9650002     14.8050003     14.8230000     14.7580004     12.9670000      0.0949060      0.0606052      0.0386148
       14903      8.8619366     16.0660000     15.6040001     15.3339996    -99.0000000    -99.0000000    -99.0000000      0.0944834      0.0603353      0.0384428
       15998      0.9891431     15.6160002     15.0909996     14.9610004     15.0530005     15.2969999     13.2720003      0.1100042      0.0702466      0.0447578
       16575     20.0317822     12.9610004     12.4410000     12.3190002     12.2580004     12.3030005     13.0780001      0.1222963      0.0780961      0.0497591
       18404      0.3792682     11.3140001     11.0520000     10.9860001     10.7819996     10.8350000     10.6700001      0.0299868      0.0191490      0.0122008
       18851      0.2475793     15.0080004     14.3120003     14.1339998     14.1479998     14.2089996     11.9910002      0.5037659      0.3216953      0.2049690
       19639     11.7783842     10.2930002     10.0869999      9.9700003      9.8879995      9.8669996     10.0530005      0.5132467      0.3277496      0.2088266
       19935      0.9732316     14.0030003     13.7770004     13.6840000     13.6099997     13.5839996     12.2229996      0.3651836      0.2331993      0.1485836
       20242      5.3908081     14.9700003     14.2880001     14.1379995     13.9930000     13.9930000     12.7030001      0.3764736      0.2404089      0.1531772
       23035      0.3964551     15.5270004     14.8879995     14.7240000     14.5979996     15.1560001     12.8210001      0.1506298      0.0961893      0.0612873
       23094      4.3301201     11.2860003     11.0319996     10.9700003     10.9280005     10.9750004     11.0360003      0.1524033      0.0973218      0.0620089
       23394      0.3970262     15.9119997     15.4969997     15.3009996     15.4099998     15.8900003     12.4729996      0.1519452      0.0970293      0.0618225
       25539      0.4536197     12.8439999     12.6770000     12.6370001     12.5600004     12.5990000     11.6180000      0.1879837      0.1200428      0.0764856
       26101      2.5601387     13.9610004     13.3310003     13.1730003    -99.0000000    -99.0000000    -99.0000000      0.1859281      0.1187301      0.0756492
       26974      0.5506055     14.2989998     14.0749998     14.0080004     13.9569998     14.0839996     12.6099997      0.1770072      0.1130334      0.0720196
       27174      0.2631840     16.1639996     15.5850000     15.3280001     15.2959995     15.7410002     12.6639996      0.1708396      0.1090949      0.0695101
       28412      0.2607142     15.7379999     15.1339998     14.9940004    -99.0000000    -99.0000000    -99.0000000      0.2332318      0.1489374      0.0948959
       30575      0.4732928     15.8940001     15.5249996     15.2930002    -99.0000000    -99.0000000    -99.0000000      0.2376401      0.1517524      0.0966895
       30725      0.3534211     15.9150000     15.4969997     15.2799997    -99.0000000    -99.0000000    -99.0000000      0.2115539      0.1350943      0.0860757
       31046      2.0349538     13.6890001     13.3579998     13.2379999     13.1879997     13.2950001     12.6280003      0.2349014      0.1500035      0.0955752
       31061      3.3013184     13.0430002     12.7969999     12.7080002     12.6840000     12.7449999     11.8420000      0.2354870      0.1503775      0.0958134
       33176      2.4124255     15.7550001     15.0240002     14.7900000     14.3570004     14.2449999     12.5380001      0.2239082      0.1429835      0.0911024
       33352      0.5950328     15.5139999     15.2349997     15.1330004    -99.0000000    -99.0000000    -99.0000000      0.2089379      0.1334238      0.0850113
       33780      3.7237628     14.0179996     13.5550003     13.4320002     13.2799997     13.3620005     12.4080000      0.2352432      0.1502218      0.0957143
       33838      3.3082759     14.6929998     14.3120003     14.2410002     14.3450003     14.6610003     12.7299995      0.2204434      0.1407709      0.0896926
       34705      1.8269364     12.9150000     12.5850000     12.5120001     12.5340004     12.5959997     10.0880003      0.2024384      0.1292733      0.0823669
       35774      0.3019600     14.6770000     14.2740002     14.1719999    -99.0000000    -99.0000000    -99.0000000      0.2227158      0.1422220      0.0906172
       36168      1.3916023     15.8610001     15.2950001     15.1330004     15.7709999     15.9960003     12.7360001      0.2225579      0.1421212      0.0905529
       43343      0.7725660     13.5819998     13.0249996     12.9099998     12.8350000     12.8999996     12.4849997      0.0187274      0.0119589      0.0076197
       43823      1.5009542     14.7969999     14.5450001     14.4770002     14.4870005     14.4779997     10.8409996      0.4242328      0.2709070      0.1726091
       46543      0.3946179     13.1420002     12.9239998     12.8769999     12.8269997     12.8929996     13.1280003      0.0710818      0.0453915      0.0289213
       46958      3.7438133     14.7150002     14.8280001     14.8739996     14.7510004     14.9460001     13.3120003      0.0561097      0.0358306      0.0228295
       58516     16.4756947     14.8389997     13.8870001     13.5480003    -99.0000000    -99.0000000    -99.0000000      1.4415543      0.9205490      0.5865304
       59051      5.6575751     14.0039997     13.2709999     13.0059996     12.7760000     13.0129995     11.7030001      1.3333580      0.8514570      0.5425082
       59150      1.0527222     14.7930002     14.2600002     14.1079998    -99.0000000    -99.0000000    -99.0000000      2.3343065      1.4906435      0.9497677
       59397      3.1448686     13.6789999     13.1350002     12.9440002    -99.0000000    -99.0000000    -99.0000000      1.3932004      0.8896711      0.5668565
       61041      0.8892497     14.5270004     13.9700003     13.7419996    -99.0000000    -99.0000000    -99.0000000      1.4000673      0.8940562      0.5696505
       62080      0.6881519     14.9309998     14.2049999     13.8800001    -99.0000000    -99.0000000    -99.0000000      1.9589448      1.2509447      0.7970430
       62194      0.4936529     14.8269997     14.0600004     13.7500000    -99.0000000    -99.0000000    -99.0000000      1.5768880      1.0069705      0.6415941
       65188      2.3939877     14.8699999     14.0970001     13.8120003    -99.0000000    -99.0000000    -99.0000000      2.0859172      1.3320268      0.8487047
       65335      0.7221041     15.0970001     14.4280005     14.1969995    -99.0000000    -99.0000000    -99.0000000      2.3607075      1.5075027      0.9605096
       65419      4.0676446     14.3369999     13.4650002     13.0850000    -99.0000000    -99.0000000    -99.0000000      2.0343022      1.2990665      0.8277039
       65572     14.9015598     12.8920002     11.8020000     11.3900003     11.0229998     11.0920000     11.4540005      2.1350083      1.3633755      0.8686786
       65971     12.6949749     12.6510000     11.7889996     11.4930000    -99.0000000    -99.0000000    -99.0000000      2.3143847      1.4779218      0.9416621
       66075      0.7804829     14.9060001     14.4150000     14.1879997    -99.0000000    -99.0000000    -99.0000000      2.3437998      1.4967059      0.9536304
       66234      3.3548527     14.4569998     13.8330002     13.5799999    -99.0000000    -99.0000000    -99.0000000      1.4656221      0.9359183      0.5963230
       66278      0.7945678     15.1890001     14.6580000     14.3970003    -99.0000000    -99.0000000    -99.0000000      1.3873945      0.8859636      0.5644943
       67732      3.9156661     13.9370003     13.2889996     13.0220003    -99.0000000    -99.0000000    -99.0000000      2.1544373      1.3757825      0.8765837
       67968     38.7043915     14.4239998     13.3599997     12.9820004    -99.0000000    -99.0000000    -99.0000000      2.2374244      1.4287765      0.9103490
       68100      2.2200212     14.9060001     13.5730000     13.0279999    -99.0000000    -99.0000000    -99.0000000      2.0463352      1.3067507      0.8325999
       68998      5.4111662     12.7930002     12.4130001     12.2390003     12.0769997     12.1450005     10.8059998      2.3053758      1.4721690      0.9379966
       69751      1.5512013     14.8950005     14.3000002     13.9940004    -99.0000000    -99.0000000    -99.0000000      2.2754929      1.4530863      0.9258381
       70517      1.5197997     12.7469997     12.1920004     11.9090004     11.7010002     11.6689997     11.0349998      2.0685303      1.3209239      0.8416304
       70554      0.3225037     13.1499996     12.5270004     12.3079996     12.2950001     12.4420004     12.0860004      1.3318816      0.8505142      0.5419075
       70775      7.3946033     15.1440001     14.6009998     14.4189997    -99.0000000    -99.0000000    -99.0000000      1.3156135      0.8401256      0.5352885
       70876      0.4069539     14.3929996     13.3549995     12.8620005    -99.0000000    -99.0000000    -99.0000000      1.9824313      1.2659427      0.8065990
       72437      0.5229376     15.0030003     14.4779997     14.2799997    -99.0000000    -99.0000000    -99.0000000      2.0584373      1.3144788      0.8375239
       72766      0.3732947     15.0179996     14.3509998     14.1140003    -99.0000000    -99.0000000    -99.0000000      2.2637429      1.4455829      0.9210572
       73580      1.2626861     12.1759996     11.9270000     11.8500004     11.7629995     11.7749996     11.7919998      0.0580866      0.0370930      0.0236339
       74576      0.3287233     15.3680000     14.8730001     14.7740002     14.5220003     14.4320002     12.7580004      0.0522452      0.0333628      0.0212572
       74624      0.3399737     15.0609999     14.4040003     14.2349997     14.1000004     14.0860004     12.7580004      0.0608266      0.0388427      0.0247487
       76900      0.9415464     15.2329998     14.9200001     14.8249998     14.9080000     14.7869997     12.6980000      0.0488986      0.0312257      0.0198956
       77149      0.6084767     11.1079998     10.8059998     10.7299995     10.6719999     10.7139997     10.5270004      0.0424526      0.0271094      0.0172728
       78702      6.5242586     13.7080002     13.0869999     12.9410000     12.8699999     12.8219995     12.6400003      0.0559590      0.0357343      0.0227682
       79054      4.3974853     13.5850000     13.1569996     13.0740004     13.0660000     13.0550003     12.0990000      0.0592058      0.0378077      0.0240893
       81005      0.3148777     14.7740002     14.4320002     14.3660002     14.3330002     14.3940001     12.6459999      0.0279773      0.0178658      0.0113832
       82200      0.9055207     13.6140003     13.2449999     13.1549997     12.8889999     12.9080000     12.3979998      0.0565995      0.0361434      0.0230289
       82516      4.4002652     15.3760004     14.7229996     14.5229998     14.4049997     14.4020004     12.0109997      0.0515769      0.0329360      0.0209853
       82819      0.3843846     13.4209995     12.9530001     12.8369999     12.7690001     12.8129997     12.7399998      0.0910855      0.0581654      0.0370603
       83407      0.2624279     12.7069998     12.2010002     12.0939999     12.0439997     12.0740004     12.0719995      0.0949523      0.0606347      0.0386336
       83536      2.5146472     15.0249996     14.4870005     14.3590002     14.2080002     14.1630001     12.8269997      0.0895722      0.0571991      0.0364445
       84575      0.5977347     15.7559996     15.3050003     15.0640001    -99.0000000    -99.0000000    -99.0000000      1.8286955      1.1677700      0.7440479
       85063      0.2902748     15.8059998     15.1689997     14.9610004    -99.0000000    -99.0000000    -99.0000000      1.7973478      1.1477519      0.7312934
       86325     18.6866913     13.2519999     12.5609999     12.3950005     12.2980003     12.2729998     12.6999998      1.8089845      1.1551830      0.7360281
       86669      1.2487631     13.0699997     12.8990002     12.8199997     12.6840000     12.6669998     11.9480000      1.9330612      1.2344159      0.7865116
       87784      0.5363303     15.9289999     15.2740002     15.0089998    -99.0000000    -99.0000000    -99.0000000      1.9693661      1.2575996      0.8012831
       88361      0.9625014     15.7410002     15.0550003     14.7159996     14.5240002     14.7469997      9.9499998      1.9720609      1.2593205      0.8023796
       88363      5.1099997     15.8179998     15.3389997     15.0520000     15.1070004     15.4200001     12.4340000      1.9837433      1.2667806      0.8071328
       88372      3.0689821     14.3509998     13.5640001     13.3160000     13.1700001     13.1420002     12.3529997      1.8743610      1.1969311      0.7626281
       88836      8.2203770     13.8020000     13.4750004     13.3190002     13.1859999     13.2700005     12.0649996      1.7559404      1.1213101      0.7144459
       88905      0.7236493     16.1529999     15.4480000     15.0950003     14.9740000     15.2150002     11.6639996      1.7828274      1.1384795      0.7253854
       89073      2.8452337     14.8660002     14.4809999     14.2760000    -99.0000000    -99.0000000    -99.0000000      1.7660928      1.1277931      0.7185766
       89223      0.8940306     13.0769997     12.4080000     12.2460003     12.1149998     12.1459999     12.4530001      1.6823120      1.0742923      0.6844884
       89289      0.3287064     15.9930000     15.4359999     15.1980000    -99.0000000    -99.0000000    -99.0000000      1.7519313      1.1187499      0.7128146
       89315      2.4381115     14.5270004     14.1660004     13.9879999     13.9329996     14.0570002     12.7720003      1.7581527      1.1227227      0.7153460
       89940      2.6533527     15.6780005     15.2399998     15.0330000     14.8490000     15.2089996     12.4460001      1.6581395      1.0588562      0.6746532
       90642      1.5354671     10.3920002     10.3459997     10.3090000     10.2589998     10.3000002     10.4010000      1.6525018      1.0552560      0.6723594
       90667      0.2652373     15.8400002     15.1899996     14.9729996     14.5740004     14.7910004     11.5869999      1.9119687      1.2209467      0.7779297
       90934      7.7775879     12.5690002     12.3170004     12.2089996     12.1059999     12.1820002     12.0229998      1.7129592      1.0938630      0.6969579
       92396      1.0585071     15.6239996     15.0380001     14.7919998     14.6389999     14.9779997     12.7040005      1.9577994      1.2502134      0.7965770
       92855      1.6172996     15.2550001     14.7799997     14.5310001     14.2930002     14.4169998     12.6599998      1.9553852      1.2486717      0.7955947
       93520      0.3234588     15.3870001     14.7670002     14.5489998     14.5850000     14.9399996     12.8750000      1.9301057      1.2325287      0.7853091
       93690      1.2095355     16.1040001     15.2440004     14.8859997     14.8160000     15.0089998     12.7110004      1.9047767      1.2163540      0.7750034
       94487      0.3981696     16.0750008     15.5330000     15.2010002    -99.0000000    -99.0000000    -99.0000000      0.6098369      0.3894302      0.2481266
       95094      4.1827393     12.6829996     11.9960003     11.7840004     11.4829998     11.5530005     10.9379997      0.6957091      0.4442666      0.2830657
       95256      0.9786384     11.5539999     11.2430000     11.1289997     11.0129995     11.0500002    -99.0000000      0.6292915      0.4018535      0.2560421
       96108     12.9098492     14.1650000     13.2869997     13.0430002     12.8640003     12.8990002    -99.0000000      0.6620367      0.4227640      0.2693653
       96466      3.4373174     15.6590004     15.1809998     14.9829998    -99.0000000    -99.0000000    -99.0000000      0.7274622      0.4645434      0.2959852
       96668      2.1740396     12.2299995     11.9750004     11.8699999    -99.0000000    -99.0000000    -99.0000000      0.6947241      0.4436375      0.2826649
       97202      2.3090458     14.2980003     13.6520004     13.4200001     13.2430000     13.3520002     10.9820004      0.7116070      0.4544186      0.2895341
       98933      1.4038615     12.7939997     12.4770002     12.3570004     12.3079996     12.3000002    -99.0000000      0.6404749      0.4089950      0.2605923
       99618      0.6594047     14.5559998     13.9960003     13.7629995    -99.0000000    -99.0000000    -99.0000000      0.7363756      0.4702353      0.2996118
      100765      0.3673718     14.6400003     14.1219997     13.9790001     13.8050003     13.8870001    -99.0000000      0.6165224      0.3936994      0.2508467
      100939      0.8561791     14.6739998     14.1990004     14.0410004     14.0349998     14.0579996     10.3970003      0.7579842      0.4840342      0.3084038
      101189      0.4825996     13.6250000     13.1520004     13.0229998     12.9270000     12.9879999     11.5679998      0.7536909      0.4812926      0.3066570
      103325      1.4332299     16.0590000     15.5100002     15.1750002    -99.0000000    -99.0000000    -99.0000000      0.7254726      0.4632730      0.2951757
      106057      3.0922205     13.2049999     12.7840004     12.6619997    -99.0000000    -99.0000000    -99.0000000      0.6199875      0.3959122      0.2522566
      106078      0.3369150     15.4130001     14.8610001     14.6850004    -99.0000000    -99.0000000    -99.0000000      0.7459760      0.4763660      0.3035180
      106131      0.5184650     13.2060003     12.7309999     12.5839996     12.6250000     12.6809998     11.5699997      0.7253909      0.4632207      0.2951424
      106291      0.9088041     15.4370003     14.8459997     14.6140003    -99.0000000    -99.0000000    -99.0000000      0.7340149      0.4687279      0.2986513
      106452      2.4860911     15.2240000     14.5939999     14.3719997    -99.0000000    -99.0000000    -99.0000000      0.7345871      0.4690933      0.2988841
      106512      1.4815804     14.0819998     13.6149998     13.4600000     13.3940001     13.5089998     10.4930000      0.7305244      0.4664989      0.2972311
      106737      1.3242379     12.7119999     12.3529997     12.2410002     12.0990000     12.1560001    -99.0000000      0.6153308      0.3929385      0.2503619
      107048     34.7718048     10.0629997      9.8750000      9.7709999      9.6479998      9.6569996      9.7539997      0.7555342      0.4824697      0.3074070
      107404      1.0921408     15.6750002     15.1269999     14.9020004    -99.0000000    -99.0000000    -99.0000000      0.6521884      0.4164751      0.2653583
      108770      4.7038121     13.1029997     12.4209995     12.2069998     12.1990004     12.1680002     11.6660004      0.7205949      0.4601581      0.2931911
      110377      4.3472590     13.6759996     13.0249996     12.8210001     12.6459999     12.6809998    -99.0000000      0.6524233      0.4166251      0.2654538
      110482      0.4538438     14.0019999     13.6490002     13.5400000     13.5780001     13.6199999     11.5200005      0.7911317      0.5052016      0.3218906
      112422      0.3107689     15.4779997     14.6070004     14.2729998    -99.0000000    -99.0000000    -99.0000000      0.7413905      0.4734378      0.3016522
       12194      1.7663875     15.6020002     14.9069996     14.6280003     14.4440002     14.2119999     12.4069996      0.2578837      0.1646796      0.1049261
       88130      2.3395221     15.5810003     15.2259998     15.0229998    -99.0000000    -99.0000000    -99.0000000      1.7675018      1.1286929      0.7191498
       88298      8.0900154     12.9080000     12.1490002     11.9069996     11.8839998     11.8380003     12.4069996      1.7360876      1.1086323      0.7063683
